Using pre-set license
Built from '2020.3/release' branch; Version is '2020.3.34f1 (9a4c9c70452b) revision 10112156'; Using compiler version '192528614'; Build Type 'Release'
OS: 'Windows 10  (10.0.19045) 64bit Core' Language: 'ko' Physical Memory: 16274 MB
BatchMode: 1, IsHumanControllingUs: 0, StartBugReporterOnCrash: 0, Is64bit: 1, IsPro: 0

COMMAND LINE ARGUMENTS:
C:\Program Files\Unity 2020.3.34f1\Editor\Unity.exe
-adb2
-batchMode
-noUpm
-name
AssetImportWorker0
-projectPath
C:/Users/AhnSeoYeon/Desktop/HolaChristmas!
-logFile
Logs/AssetImportWorker0.log
-srvPort
62931
Successfully changed project path to: C:/Users/AhnSeoYeon/Desktop/HolaChristmas!
C:/Users/AhnSeoYeon/Desktop/HolaChristmas!
Using Asset Import Pipeline V2.
Refreshing native plugins compatible for Editor in 114.87 ms, found 2 plugins.
Preloading 0 native plugins for Editor in 0.00 ms.
Initialize engine version: 2020.3.34f1 (9a4c9c70452b)
[Subsystems] Discovering subsystems at path C:/Program Files/Unity 2020.3.34f1/Editor/Data/Resources/UnitySubsystems
[Subsystems] Discovering subsystems at path C:/Users/AhnSeoYeon/Desktop/HolaChristmas!/Assets
GfxDevice: creating device client; threaded=0
Direct3D:
    Version:  Direct3D 11.0 [level 11.1]
    Renderer: NVIDIA GeForce GTX 1650 with Max-Q Design (ID=0x1f91)
    Vendor:   
    VRAM:     3962 MB
    Driver:   27.21.14.5167
Initialize mono
Mono path[0] = 'C:/Program Files/Unity 2020.3.34f1/Editor/Data/Managed'
Mono path[1] = 'C:/Program Files/Unity 2020.3.34f1/Editor/Data/MonoBleedingEdge/lib/mono/unityjit'
Mono config path = 'C:/Program Files/Unity 2020.3.34f1/Editor/Data/MonoBleedingEdge/etc'
Using monoOptions --debugger-agent=transport=dt_socket,embedding=1,server=y,suspend=n,address=127.0.0.1:56028
Begin MonoManager ReloadAssembly
Registering precompiled unity dll's ...
Register platform support module: C:/Program Files/Unity 2020.3.34f1/Editor/Data/PlaybackEngines/WindowsStandaloneSupport/UnityEditor.WindowsStandalone.Extensions.dll
Registered in 0.006995 seconds.
Native extension for WindowsStandalone target not found
Refreshing native plugins compatible for Editor in 127.17 ms, found 2 plugins.
Preloading 0 native plugins for Editor in 0.00 ms.
Mono: successfully reloaded assembly
- Completed reload, in  1.524 seconds
Domain Reload Profiling:
	ReloadAssembly (1525ms)
		BeginReloadAssembly (194ms)
			ExecutionOrderSort (0ms)
			DisableScriptedObjects (0ms)
			BackupInstance (0ms)
			ReleaseScriptingObjects (0ms)
			CreateAndSetChildDomain (2ms)
		EndReloadAssembly (1143ms)
			LoadAssemblies (186ms)
			RebuildTransferFunctionScriptingTraits (0ms)
			SetupTypeCache (368ms)
			ReleaseScriptCaches (0ms)
			RebuildScriptCaches (63ms)
			SetupLoadedEditorAssemblies (439ms)
				LogAssemblyErrors (0ms)
				InitializePlatformSupportModulesInManaged (7ms)
				SetLoadedEditorAssemblies (0ms)
				RefreshPlugins (127ms)
				BeforeProcessingInitializeOnLoad (29ms)
				ProcessInitializeOnLoadAttributes (208ms)
				ProcessInitializeOnLoadMethodAttributes (67ms)
				AfterProcessingInitializeOnLoad (0ms)
				EditorAssembliesLoaded (0ms)
			ExecutionOrderSort2 (0ms)
			AwakeInstancesAfterBackupRestoration (0ms)
Platform modules already initialized, skipping
Registering precompiled user dll's ...
Registered in 0.017411 seconds.
Begin MonoManager ReloadAssembly
Native extension for WindowsStandalone target not found
Refreshing native plugins compatible for Editor in 1.09 ms, found 2 plugins.
Preloading 0 native plugins for Editor in 0.00 ms.
Mono: successfully reloaded assembly
- Completed reload, in  2.331 seconds
Domain Reload Profiling:
	ReloadAssembly (2335ms)
		BeginReloadAssembly (353ms)
			ExecutionOrderSort (0ms)
			DisableScriptedObjects (16ms)
			BackupInstance (0ms)
			ReleaseScriptingObjects (0ms)
			CreateAndSetChildDomain (26ms)
		EndReloadAssembly (1821ms)
			LoadAssemblies (288ms)
			RebuildTransferFunctionScriptingTraits (0ms)
			SetupTypeCache (614ms)
			ReleaseScriptCaches (1ms)
			RebuildScriptCaches (95ms)
			SetupLoadedEditorAssemblies (688ms)
				LogAssemblyErrors (0ms)
				InitializePlatformSupportModulesInManaged (11ms)
				SetLoadedEditorAssemblies (1ms)
				RefreshPlugins (1ms)
				BeforeProcessingInitializeOnLoad (145ms)
				ProcessInitializeOnLoadAttributes (462ms)
				ProcessInitializeOnLoadMethodAttributes (34ms)
				AfterProcessingInitializeOnLoad (34ms)
				EditorAssembliesLoaded (0ms)
			ExecutionOrderSort2 (0ms)
			AwakeInstancesAfterBackupRestoration (4ms)
Platform modules already initialized, skipping
========================================================================
Worker process is ready to serve import requests
Launched and connected shader compiler UnityShaderCompiler.exe after 0.12 seconds
Refreshing native plugins compatible for Editor in 1.00 ms, found 2 plugins.
Preloading 0 native plugins for Editor in 0.00 ms.
Unloading 1528 Unused Serialized files (Serialized files now loaded: 0)
System memory in use before: 73.2 MB.
System memory in use after: 73.3 MB.

Unloading 16 unused Assets to reduce memory usage. Loaded Objects now: 1978.
Total: 5.014600 ms (FindLiveObjects: 0.173400 ms CreateObjectMapping: 0.082500 ms MarkObjects: 4.628100 ms  DeleteObjects: 0.129200 ms)

AssetImportParameters requested are different than current active one (requested -> active):
  custom:framework-win-MediaFoundation: 216162199b28c13a410421893ffa2e32 -> 
  custom:video-decoder-ogg-theora: a1e56fd34408186e4bbccfd4996cb3dc -> 
  custom:container-muxer-webm: aa71ff27fc2769a1b78a27578f13a17b -> 
  custom:container-demuxer-webm: 4f35f7cbe854078d1ac9338744f61a02 -> 
  custom:container-demuxer-ogg: 62fdf1f143b41e24485cea50d1cbac27 -> 
  custom:video-encoder-webm-vp8: eb34c28f22e8b96e1ab97ce403110664 -> 
  custom:video-codec-MediaFoundation-h265: 746d11721c4dcdbdad8f713fa42b33f4 -> 
  custom:video-decoder-webm-vp8: 9c59270c3fd7afecdb556c50c9e8de78 -> 
  custom:audio-decoder-ogg-vorbis: bf7c407c2cedff20999df2af8eb42d56 -> 
  custom:audio-encoder-webm-vorbis: bf7c407c2cedff20999df2af8eb42d56 -> 
========================================================================
Received Import Request.
  path: Assets/RunemarkStudio/DarkFantasyKit [Free]/Readme/Readme.asset
  artifactKey: Guid(3a05266742ab6ff48b7e6cbd503b7c0d) Importer(815301076,1909f56bfc062723c751e8b465ee728b)
Start importing Assets/RunemarkStudio/DarkFantasyKit [Free]/Readme/Readme.asset using Guid(3a05266742ab6ff48b7e6cbd503b7c0d) Importer(815301076,1909f56bfc062723c751e8b465ee728b)  -> (artifact id: 'c08d560254880d97da06b8dc0b147df9') in 0.107754 seconds 
========================================================================
Received Import Request.
  Time since last request: 0.279766 seconds.
  path: Assets/RunemarkStudio/DarkFantasyKit [Free]/Readme/UserGuide [free].pdf
  artifactKey: Guid(15e0e365cb77183488ab99441521135b) Importer(815301076,1909f56bfc062723c751e8b465ee728b)
Start importing Assets/RunemarkStudio/DarkFantasyKit [Free]/Readme/UserGuide [free].pdf using Guid(15e0e365cb77183488ab99441521135b) Importer(815301076,1909f56bfc062723c751e8b465ee728b)  -> (artifact id: 'bb735b27bd6fcd08db674007e4c7ea69') in 0.258480 seconds 
========================================================================
Received Import Request.
  Time since last request: 34.170196 seconds.
  path: Assets/Scenes/DemoScene.unity
  artifactKey: Guid(75ef0d4b1de37614488b333e03c01efe) Importer(815301076,1909f56bfc062723c751e8b465ee728b)
Start importing Assets/Scenes/DemoScene.unity using Guid(75ef0d4b1de37614488b333e03c01efe) Importer(815301076,1909f56bfc062723c751e8b465ee728b)  -> (artifact id: '5605fa60ae07748200ebb6c0ab1481f7') in 0.007874 seconds 
========================================================================
Received Import Request.
  Time since last request: 66.182354 seconds.
  path: Assets/Scenes/SampleScene.unity
  artifactKey: Guid(9fc0d4010bbf28b4594072e72b8655ab) Importer(815301076,1909f56bfc062723c751e8b465ee728b)
Start importing Assets/Scenes/SampleScene.unity using Guid(9fc0d4010bbf28b4594072e72b8655ab) Importer(815301076,1909f56bfc062723c751e8b465ee728b)  -> (artifact id: '50acf12c71bce84529914b1ccdb4a86a') in 0.007860 seconds 
========================================================================
Received Import Request.
  Time since last request: 117.605825 seconds.
  path: Assets/Christmas Gifts/Models/background.fbx
  artifactKey: Guid(c5436f780ba95c44481ea440a0e1594e) Importer(815301076,1909f56bfc062723c751e8b465ee728b)
Start importing Assets/Christmas Gifts/Models/background.fbx using Guid(c5436f780ba95c44481ea440a0e1594e) Importer(815301076,1909f56bfc062723c751e8b465ee728b)  -> (artifact id: '65e28e8368ea5573836b2d4f89840e5f') in 0.318956 seconds 
========================================================================
Received Import Request.
  Time since last request: 0.000300 seconds.
  path: Assets/Christmas Gifts/Models/star.fbx
  artifactKey: Guid(790a54a50ffa3be498c37cf13ad93d8e) Importer(815301076,1909f56bfc062723c751e8b465ee728b)
Start importing Assets/Christmas Gifts/Models/star.fbx using Guid(790a54a50ffa3be498c37cf13ad93d8e) Importer(815301076,1909f56bfc062723c751e8b465ee728b)  -> (artifact id: '3fc88ca9a155c70b9fdc2e5f89fa5acf') in 0.027389 seconds 
========================================================================
Received Import Request.
  Time since last request: 0.000359 seconds.
  path: Assets/Christmas Gifts/Models/boxes.fbx
  artifactKey: Guid(631c57a3cc94bc94da2a0defb42a616f) Importer(815301076,1909f56bfc062723c751e8b465ee728b)
Start importing Assets/Christmas Gifts/Models/boxes.fbx using Guid(631c57a3cc94bc94da2a0defb42a616f) Importer(815301076,1909f56bfc062723c751e8b465ee728b)  -> (artifact id: 'a186505a0ecdeaefb085469cd38e9966') in 0.143252 seconds 
========================================================================
Received Import Request.
  Time since last request: 0.000699 seconds.
  path: Assets/Christmas Gifts/Models/fireplace.fbx
  artifactKey: Guid(c2c5d68c17a0a1248b3c31a35d902993) Importer(815301076,1909f56bfc062723c751e8b465ee728b)
Start importing Assets/Christmas Gifts/Models/fireplace.fbx using Guid(c2c5d68c17a0a1248b3c31a35d902993) Importer(815301076,1909f56bfc062723c751e8b465ee728b)  -> (artifact id: '5231be5fbe16ec211d8c17ee1b7ae309') in 0.031096 seconds 
========================================================================
Received Import Request.
  Time since last request: 0.000383 seconds.
  path: Assets/Christmas Gifts/Models/sock.fbx
  artifactKey: Guid(9cafb76121287df4fa01d59093c4cbdf) Importer(815301076,1909f56bfc062723c751e8b465ee728b)
Start importing Assets/Christmas Gifts/Models/sock.fbx using Guid(9cafb76121287df4fa01d59093c4cbdf) Importer(815301076,1909f56bfc062723c751e8b465ee728b)  -> (artifact id: '2cceff3445295d20aaf247186956351f') in 0.037456 seconds 
========================================================================
Received Import Request.
  Time since last request: 0.000723 seconds.
  path: Assets/Christmas Gifts/Models/slleigh.fbx
  artifactKey: Guid(795291bafc862f74a932e62ef1896ddf) Importer(815301076,1909f56bfc062723c751e8b465ee728b)
Start importing Assets/Christmas Gifts/Models/slleigh.fbx using Guid(795291bafc862f74a932e62ef1896ddf) Importer(815301076,1909f56bfc062723c751e8b465ee728b)  -> (artifact id: '7b2b55ad9b6f2563db8fe26f341d14ba') in 0.058753 seconds 
========================================================================
Received Import Request.
  Time since last request: 0.000382 seconds.
  path: Assets/Christmas Gifts/Models/tree2.fbx
  artifactKey: Guid(7f36c59e3f16eeb478619725f8a19d1f) Importer(815301076,1909f56bfc062723c751e8b465ee728b)
Start importing Assets/Christmas Gifts/Models/tree2.fbx using Guid(7f36c59e3f16eeb478619725f8a19d1f) Importer(815301076,1909f56bfc062723c751e8b465ee728b)  -> (artifact id: 'd166562e6a36c004fd64672428df5dfa') in 0.026738 seconds 
========================================================================
Received Import Request.
  Time since last request: 0.000396 seconds.
  path: Assets/Christmas Gifts/Models/spheres.fbx
  artifactKey: Guid(38f1f0902bf0c7a4394eee633cacc527) Importer(815301076,1909f56bfc062723c751e8b465ee728b)
Start importing Assets/Christmas Gifts/Models/spheres.fbx using Guid(38f1f0902bf0c7a4394eee633cacc527) Importer(815301076,1909f56bfc062723c751e8b465ee728b)  -> (artifact id: 'a80e98c89bcc562f4f9585b179ac0762') in 0.050148 seconds 
========================================================================
Received Import Request.
  Time since last request: 0.000352 seconds.
  path: Assets/Christmas Gifts/Models/text.fbx
  artifactKey: Guid(e80b5f8ffc56c4c449398ce97444648f) Importer(815301076,1909f56bfc062723c751e8b465ee728b)
Start importing Assets/Christmas Gifts/Models/text.fbx using Guid(e80b5f8ffc56c4c449398ce97444648f) Importer(815301076,1909f56bfc062723c751e8b465ee728b)  -> (artifact id: '569e6d9ae6e68e1f15ffa1ab4b83fb43') in 0.046790 seconds 
========================================================================
Received Import Request.
  Time since last request: 2.252652 seconds.
  path: Assets/Christmas Gifts/Prefabs/fireplace.prefab
  artifactKey: Guid(c25e87115698fd44e9e06b3b0917df51) Importer(815301076,1909f56bfc062723c751e8b465ee728b)
Start importing Assets/Christmas Gifts/Prefabs/fireplace.prefab using Guid(c25e87115698fd44e9e06b3b0917df51) Importer(815301076,1909f56bfc062723c751e8b465ee728b)  -> (artifact id: 'd2eef45bc048b21a93882176a5a99b13') in 0.113795 seconds 
========================================================================
Received Import Request.
  Time since last request: 0.000715 seconds.
  path: Assets/Christmas Gifts/Prefabs/slleigh.prefab
  artifactKey: Guid(f9bd47891fe00684084c267c8afa74ce) Importer(815301076,1909f56bfc062723c751e8b465ee728b)
Start importing Assets/Christmas Gifts/Prefabs/slleigh.prefab using Guid(f9bd47891fe00684084c267c8afa74ce) Importer(815301076,1909f56bfc062723c751e8b465ee728b)  -> (artifact id: '76a80639cbbbcae31dbc33a3b38de405') in 0.079092 seconds 
========================================================================
Received Import Request.
  Time since last request: 0.002257 seconds.
  path: Assets/Christmas Gifts/Prefabs/sock.prefab
  artifactKey: Guid(1d3c74582f372f747a9a812ceb0ac6cd) Importer(815301076,1909f56bfc062723c751e8b465ee728b)
Start importing Assets/Christmas Gifts/Prefabs/sock.prefab using Guid(1d3c74582f372f747a9a812ceb0ac6cd) Importer(815301076,1909f56bfc062723c751e8b465ee728b)  -> (artifact id: '541cea22b040a2ef815b0b12d06f9623') in 0.352164 seconds 
========================================================================
Received Import Request.
  Time since last request: 0.000272 seconds.
  path: Assets/Christmas Gifts/Prefabs/knotRed.prefab
  artifactKey: Guid(8f65551e63a8edf4bb979ffcd3402105) Importer(815301076,1909f56bfc062723c751e8b465ee728b)
Start importing Assets/Christmas Gifts/Prefabs/knotRed.prefab using Guid(8f65551e63a8edf4bb979ffcd3402105) Importer(815301076,1909f56bfc062723c751e8b465ee728b)  -> (artifact id: '83ea39173dc75c74ca0116ae1248080c') in 0.050455 seconds 
========================================================================
Received Import Request.
  Time since last request: 0.000805 seconds.
  path: Assets/Christmas Gifts/Prefabs/knotYellow.prefab
  artifactKey: Guid(f00c06d5738ef41469ed20134626ae10) Importer(815301076,1909f56bfc062723c751e8b465ee728b)
Start importing Assets/Christmas Gifts/Prefabs/knotYellow.prefab using Guid(f00c06d5738ef41469ed20134626ae10) Importer(815301076,1909f56bfc062723c751e8b465ee728b)  -> (artifact id: 'bcceeaf194964914da13306621b2e5b2') in 0.059823 seconds 
========================================================================
Received Import Request.
  Time since last request: 9.971769 seconds.
  path: Assets/Christmas-Assets-FREE/Prefabs/Present-01.prefab
  artifactKey: Guid(cd3a6a05b35c3aa4ba89adbcd9f7cc32) Importer(815301076,1909f56bfc062723c751e8b465ee728b)
Start importing Assets/Christmas-Assets-FREE/Prefabs/Present-01.prefab using Guid(cd3a6a05b35c3aa4ba89adbcd9f7cc32) Importer(815301076,1909f56bfc062723c751e8b465ee728b)  -> (artifact id: '5b63e739da5e2eed80ea4ab5a76d300c') in 0.034673 seconds 
========================================================================
Received Import Request.
  Time since last request: 0.000539 seconds.
  path: Assets/Christmas-Assets-FREE/Prefabs/Santa-Hat.prefab
  artifactKey: Guid(bac14327a1aeaa2478f942d793f52b12) Importer(815301076,1909f56bfc062723c751e8b465ee728b)
Start importing Assets/Christmas-Assets-FREE/Prefabs/Santa-Hat.prefab using Guid(bac14327a1aeaa2478f942d793f52b12) Importer(815301076,1909f56bfc062723c751e8b465ee728b)  -> (artifact id: '6f1cf104add7ee0b251721255e509a20') in 0.026749 seconds 
========================================================================
Received Import Request.
  Time since last request: 0.000378 seconds.
  path: Assets/Christmas-Assets-FREE/Prefabs/Snowflake.prefab
  artifactKey: Guid(f8fbc238a5fda654f8cee182334726f8) Importer(815301076,1909f56bfc062723c751e8b465ee728b)
Start importing Assets/Christmas-Assets-FREE/Prefabs/Snowflake.prefab using Guid(f8fbc238a5fda654f8cee182334726f8) Importer(815301076,1909f56bfc062723c751e8b465ee728b)  -> (artifact id: 'b43207a387dadbd670f197b81dbfc6e2') in 0.027384 seconds 
========================================================================
Received Prepare
Registering precompiled user dll's ...
Registered in 0.041587 seconds.
Begin MonoManager ReloadAssembly
Native extension for WindowsStandalone target not found
Refreshing native plugins compatible for Editor in 0.50 ms, found 2 plugins.
Preloading 0 native plugins for Editor in 0.00 ms.
Mono: successfully reloaded assembly
- Completed reload, in  1.912 seconds
Domain Reload Profiling:
	ReloadAssembly (1913ms)
		BeginReloadAssembly (210ms)
			ExecutionOrderSort (0ms)
			DisableScriptedObjects (9ms)
			BackupInstance (0ms)
			ReleaseScriptingObjects (0ms)
			CreateAndSetChildDomain (45ms)
		EndReloadAssembly (1535ms)
			LoadAssemblies (213ms)
			RebuildTransferFunctionScriptingTraits (0ms)
			SetupTypeCache (501ms)
			ReleaseScriptCaches (2ms)
			RebuildScriptCaches (63ms)
			SetupLoadedEditorAssemblies (603ms)
				LogAssemblyErrors (0ms)
				InitializePlatformSupportModulesInManaged (8ms)
				SetLoadedEditorAssemblies (1ms)
				RefreshPlugins (1ms)
				BeforeProcessingInitializeOnLoad (119ms)
				ProcessInitializeOnLoadAttributes (408ms)
				ProcessInitializeOnLoadMethodAttributes (30ms)
				AfterProcessingInitializeOnLoad (37ms)
				EditorAssembliesLoaded (1ms)
			ExecutionOrderSort2 (0ms)
			AwakeInstancesAfterBackupRestoration (4ms)
Platform modules already initialized, skipping
Refreshing native plugins compatible for Editor in 0.54 ms, found 2 plugins.
Preloading 0 native plugins for Editor in 0.00 ms.
Unloading 1520 Unused Serialized files (Serialized files now loaded: 0)
System memory in use before: 76.8 MB.
System memory in use after: 76.9 MB.

Unloading 12 unused Assets to reduce memory usage. Loaded Objects now: 1992.
Total: 5.938200 ms (FindLiveObjects: 0.112200 ms CreateObjectMapping: 0.041300 ms MarkObjects: 5.752600 ms  DeleteObjects: 0.031400 ms)

AssetImportParameters requested are different than current active one (requested -> active):
  custom:framework-win-MediaFoundation: 216162199b28c13a410421893ffa2e32 -> 
  custom:video-decoder-ogg-theora: a1e56fd34408186e4bbccfd4996cb3dc -> 
  custom:container-muxer-webm: aa71ff27fc2769a1b78a27578f13a17b -> 
  custom:container-demuxer-webm: 4f35f7cbe854078d1ac9338744f61a02 -> 
  custom:container-demuxer-ogg: 62fdf1f143b41e24485cea50d1cbac27 -> 
  custom:video-encoder-webm-vp8: eb34c28f22e8b96e1ab97ce403110664 -> 
  custom:video-codec-MediaFoundation-h265: 746d11721c4dcdbdad8f713fa42b33f4 -> 
  custom:video-decoder-webm-vp8: 9c59270c3fd7afecdb556c50c9e8de78 -> 
  custom:audio-decoder-ogg-vorbis: bf7c407c2cedff20999df2af8eb42d56 -> 
  custom:audio-encoder-webm-vorbis: bf7c407c2cedff20999df2af8eb42d56 -> 
========================================================================
Received Prepare
Registering precompiled user dll's ...
Registered in 0.012333 seconds.
Begin MonoManager ReloadAssembly
Native extension for WindowsStandalone target not found
Refreshing native plugins compatible for Editor in 0.81 ms, found 2 plugins.
Preloading 0 native plugins for Editor in 0.00 ms.
Mono: successfully reloaded assembly
- Completed reload, in  1.858 seconds
Domain Reload Profiling:
	ReloadAssembly (1859ms)
		BeginReloadAssembly (228ms)
			ExecutionOrderSort (0ms)
			DisableScriptedObjects (7ms)
			BackupInstance (0ms)
			ReleaseScriptingObjects (0ms)
			CreateAndSetChildDomain (44ms)
		EndReloadAssembly (1503ms)
			LoadAssemblies (221ms)
			RebuildTransferFunctionScriptingTraits (0ms)
			SetupTypeCache (522ms)
			ReleaseScriptCaches (2ms)
			RebuildScriptCaches (75ms)
			SetupLoadedEditorAssemblies (558ms)
				LogAssemblyErrors (0ms)
				InitializePlatformSupportModulesInManaged (9ms)
				SetLoadedEditorAssemblies (1ms)
				RefreshPlugins (1ms)
				BeforeProcessingInitializeOnLoad (123ms)
				ProcessInitializeOnLoadAttributes (373ms)
				ProcessInitializeOnLoadMethodAttributes (22ms)
				AfterProcessingInitializeOnLoad (29ms)
				EditorAssembliesLoaded (0ms)
			ExecutionOrderSort2 (0ms)
			AwakeInstancesAfterBackupRestoration (4ms)
Platform modules already initialized, skipping
Refreshing native plugins compatible for Editor in 0.60 ms, found 2 plugins.
Preloading 0 native plugins for Editor in 0.00 ms.
Unloading 1520 Unused Serialized files (Serialized files now loaded: 0)
System memory in use before: 76.8 MB.
System memory in use after: 76.9 MB.

Unloading 11 unused Assets to reduce memory usage. Loaded Objects now: 1995.
Total: 7.506900 ms (FindLiveObjects: 0.392500 ms CreateObjectMapping: 0.203700 ms MarkObjects: 6.880000 ms  DeleteObjects: 0.029100 ms)

AssetImportParameters requested are different than current active one (requested -> active):
  custom:framework-win-MediaFoundation: 216162199b28c13a410421893ffa2e32 -> 
  custom:video-decoder-ogg-theora: a1e56fd34408186e4bbccfd4996cb3dc -> 
  custom:container-muxer-webm: aa71ff27fc2769a1b78a27578f13a17b -> 
  custom:container-demuxer-webm: 4f35f7cbe854078d1ac9338744f61a02 -> 
  custom:container-demuxer-ogg: 62fdf1f143b41e24485cea50d1cbac27 -> 
  custom:video-encoder-webm-vp8: eb34c28f22e8b96e1ab97ce403110664 -> 
  custom:video-codec-MediaFoundation-h265: 746d11721c4dcdbdad8f713fa42b33f4 -> 
  custom:video-decoder-webm-vp8: 9c59270c3fd7afecdb556c50c9e8de78 -> 
  custom:audio-decoder-ogg-vorbis: bf7c407c2cedff20999df2af8eb42d56 -> 
  custom:audio-encoder-webm-vorbis: bf7c407c2cedff20999df2af8eb42d56 -> 
========================================================================
Received Prepare
Registering precompiled user dll's ...
Registered in 0.013231 seconds.
Begin MonoManager ReloadAssembly
Native extension for WindowsStandalone target not found
Refreshing native plugins compatible for Editor in 0.54 ms, found 2 plugins.
Preloading 0 native plugins for Editor in 0.00 ms.
Mono: successfully reloaded assembly
- Completed reload, in  1.700 seconds
Domain Reload Profiling:
	ReloadAssembly (1701ms)
		BeginReloadAssembly (228ms)
			ExecutionOrderSort (0ms)
			DisableScriptedObjects (8ms)
			BackupInstance (0ms)
			ReleaseScriptingObjects (0ms)
			CreateAndSetChildDomain (42ms)
		EndReloadAssembly (1353ms)
			LoadAssemblies (220ms)
			RebuildTransferFunctionScriptingTraits (0ms)
			SetupTypeCache (429ms)
			ReleaseScriptCaches (1ms)
			RebuildScriptCaches (61ms)
			SetupLoadedEditorAssemblies (536ms)
				LogAssemblyErrors (0ms)
				InitializePlatformSupportModulesInManaged (8ms)
				SetLoadedEditorAssemblies (1ms)
				RefreshPlugins (1ms)
				BeforeProcessingInitializeOnLoad (111ms)
				ProcessInitializeOnLoadAttributes (341ms)
				ProcessInitializeOnLoadMethodAttributes (30ms)
				AfterProcessingInitializeOnLoad (45ms)
				EditorAssembliesLoaded (0ms)
			ExecutionOrderSort2 (0ms)
			AwakeInstancesAfterBackupRestoration (4ms)
Platform modules already initialized, skipping
Refreshing native plugins compatible for Editor in 0.65 ms, found 2 plugins.
Preloading 0 native plugins for Editor in 0.00 ms.
Unloading 1520 Unused Serialized files (Serialized files now loaded: 0)
System memory in use before: 76.9 MB.
System memory in use after: 77.0 MB.

Unloading 11 unused Assets to reduce memory usage. Loaded Objects now: 1998.
Total: 3.661600 ms (FindLiveObjects: 0.147400 ms CreateObjectMapping: 0.066300 ms MarkObjects: 3.417100 ms  DeleteObjects: 0.029500 ms)

AssetImportParameters requested are different than current active one (requested -> active):
  custom:framework-win-MediaFoundation: 216162199b28c13a410421893ffa2e32 -> 
  custom:video-decoder-ogg-theora: a1e56fd34408186e4bbccfd4996cb3dc -> 
  custom:container-muxer-webm: aa71ff27fc2769a1b78a27578f13a17b -> 
  custom:container-demuxer-webm: 4f35f7cbe854078d1ac9338744f61a02 -> 
  custom:container-demuxer-ogg: 62fdf1f143b41e24485cea50d1cbac27 -> 
  custom:video-encoder-webm-vp8: eb34c28f22e8b96e1ab97ce403110664 -> 
  custom:video-codec-MediaFoundation-h265: 746d11721c4dcdbdad8f713fa42b33f4 -> 
  custom:video-decoder-webm-vp8: 9c59270c3fd7afecdb556c50c9e8de78 -> 
  custom:audio-decoder-ogg-vorbis: bf7c407c2cedff20999df2af8eb42d56 -> 
  custom:audio-encoder-webm-vorbis: bf7c407c2cedff20999df2af8eb42d56 -> 
========================================================================
Received Import Request.
  Time since last request: 1521.493016 seconds.
  path: Assets/Christmas Gifts/Materials/boxes.mat
  artifactKey: Guid(aaea7874fbe0f494caf541d25a7f2b26) Importer(815301076,1909f56bfc062723c751e8b465ee728b)
Start importing Assets/Christmas Gifts/Materials/boxes.mat using Guid(aaea7874fbe0f494caf541d25a7f2b26) Importer(815301076,1909f56bfc062723c751e8b465ee728b)  -> (artifact id: 'aeb6589a552124b6fa7f01b0bdd9305e') in 0.105030 seconds 
========================================================================
Received Import Request.
  Time since last request: 0.000292 seconds.
  path: Assets/Christmas Gifts/Materials/Spheres.mat
  artifactKey: Guid(5c877246d93a0cd4da1e97aef0735ffa) Importer(815301076,1909f56bfc062723c751e8b465ee728b)
Start importing Assets/Christmas Gifts/Materials/Spheres.mat using Guid(5c877246d93a0cd4da1e97aef0735ffa) Importer(815301076,1909f56bfc062723c751e8b465ee728b)  -> (artifact id: 'cac8024c43421e80318ad85338ac215a') in 0.018218 seconds 
========================================================================
Received Import Request.
  Time since last request: 0.000273 seconds.
  path: Assets/Christmas Gifts/Materials/Sleigh.mat
  artifactKey: Guid(a104b87508ce003499b14e25144f6850) Importer(815301076,1909f56bfc062723c751e8b465ee728b)
Start importing Assets/Christmas Gifts/Materials/Sleigh.mat using Guid(a104b87508ce003499b14e25144f6850) Importer(815301076,1909f56bfc062723c751e8b465ee728b)  -> (artifact id: 'b5e2496ebcd92c23f7a9860b90b6cd86') in 0.027239 seconds 
========================================================================
Received Import Request.
  Time since last request: 0.000336 seconds.
  path: Assets/Christmas Gifts/Materials/sock.mat
  artifactKey: Guid(6d37c7873fda336409f606dc334a494d) Importer(815301076,1909f56bfc062723c751e8b465ee728b)
Start importing Assets/Christmas Gifts/Materials/sock.mat using Guid(6d37c7873fda336409f606dc334a494d) Importer(815301076,1909f56bfc062723c751e8b465ee728b)  -> (artifact id: 'd0a41445afd1bef5ffc7168485490b70') in 0.021532 seconds 
========================================================================
Received Import Request.
  Time since last request: 0.000329 seconds.
  path: Assets/Christmas Gifts/Materials/Star.mat
  artifactKey: Guid(f68962e857a866242b0053d09764f3fa) Importer(815301076,1909f56bfc062723c751e8b465ee728b)
Start importing Assets/Christmas Gifts/Materials/Star.mat using Guid(f68962e857a866242b0053d09764f3fa) Importer(815301076,1909f56bfc062723c751e8b465ee728b)  -> (artifact id: '90ddc9f8757d7185ead8b2e64f819e96') in 0.019339 seconds 
========================================================================
Received Import Request.
  Time since last request: 0.000234 seconds.
  path: Assets/Christmas Gifts/Materials/Tree.mat
  artifactKey: Guid(a2e5f6627d2d0a5428c4e975e5a6bfa2) Importer(815301076,1909f56bfc062723c751e8b465ee728b)
Start importing Assets/Christmas Gifts/Materials/Tree.mat using Guid(a2e5f6627d2d0a5428c4e975e5a6bfa2) Importer(815301076,1909f56bfc062723c751e8b465ee728b)  -> (artifact id: 'ad2ae84eda12d14e21213f5e5caef4de') in 0.020910 seconds 
========================================================================
Received Import Request.
  Time since last request: 0.000259 seconds.
  path: Assets/Christmas Gifts/Materials/fireplace.mat
  artifactKey: Guid(6e47724b9f1b5fb4d9171a83659677bd) Importer(815301076,1909f56bfc062723c751e8b465ee728b)
Start importing Assets/Christmas Gifts/Materials/fireplace.mat using Guid(6e47724b9f1b5fb4d9171a83659677bd) Importer(815301076,1909f56bfc062723c751e8b465ee728b)  -> (artifact id: '49bc4a877f444d4a1535974528665018') in 0.042706 seconds 
========================================================================
Received Import Request.
  Time since last request: 0.000224 seconds.
  path: Assets/Christmas Gifts/Materials/New Material.mat
  artifactKey: Guid(819c2b00b09f385449251c9683314d34) Importer(815301076,1909f56bfc062723c751e8b465ee728b)
Start importing Assets/Christmas Gifts/Materials/New Material.mat using Guid(819c2b00b09f385449251c9683314d34) Importer(815301076,1909f56bfc062723c751e8b465ee728b)  -> (artifact id: '73a8f50e52feaba73c429825859d2b5d') in 0.029396 seconds 
========================================================================
Received Import Request.
  Time since last request: 0.000237 seconds.
  path: Assets/Christmas Gifts/Materials/Text.mat
  artifactKey: Guid(a4d42d9ec9c240c4b9b7d717ea325c1c) Importer(815301076,1909f56bfc062723c751e8b465ee728b)
Start importing Assets/Christmas Gifts/Materials/Text.mat using Guid(a4d42d9ec9c240c4b9b7d717ea325c1c) Importer(815301076,1909f56bfc062723c751e8b465ee728b)  -> (artifact id: '47e19796e3a412a8ddc77af3a1f33466') in 0.015481 seconds 
========================================================================
Received Import Request.
  Time since last request: 0.000243 seconds.
  path: Assets/Christmas Gifts/Materials/Confetti.mat
  artifactKey: Guid(7b50e903cf184d740bdf321b90112908) Importer(815301076,1909f56bfc062723c751e8b465ee728b)
Start importing Assets/Christmas Gifts/Materials/Confetti.mat using Guid(7b50e903cf184d740bdf321b90112908) Importer(815301076,1909f56bfc062723c751e8b465ee728b)  -> (artifact id: '57e7c0082f524f85d6c6902ed7c3f6d2') in 0.028441 seconds 
========================================================================
Received Import Request.
  Time since last request: 2.117774 seconds.
  path: Assets/Christmas-Assets-FREE/Textures/7-Tip-Star-Color+Spec.tga
  artifactKey: Guid(8ad1741912b28964ca419bad2271e962) Importer(815301076,1909f56bfc062723c751e8b465ee728b)
Start importing Assets/Christmas-Assets-FREE/Textures/7-Tip-Star-Color+Spec.tga using Guid(8ad1741912b28964ca419bad2271e962) Importer(815301076,1909f56bfc062723c751e8b465ee728b)  -> (artifact id: '392bedb9a3da45cbef6b1a3d74a6338d') in 0.063037 seconds 
========================================================================
Received Import Request.
  Time since last request: 0.000247 seconds.
  path: Assets/Christmas-Assets-FREE/Textures/Candy-Cane-01-Color+Spec.tga
  artifactKey: Guid(7aaf8a7653455824bb872674dfb0c5fd) Importer(815301076,1909f56bfc062723c751e8b465ee728b)
Start importing Assets/Christmas-Assets-FREE/Textures/Candy-Cane-01-Color+Spec.tga using Guid(7aaf8a7653455824bb872674dfb0c5fd) Importer(815301076,1909f56bfc062723c751e8b465ee728b)  -> (artifact id: '2f771e53f297f2eb5ac20921fe68eeb1') in 0.014634 seconds 
========================================================================
Received Import Request.
  Time since last request: 0.000299 seconds.
  path: Assets/Christmas-Assets-FREE/Textures/Santa-Hat-Color+Spec.tga
  artifactKey: Guid(e65c5995adef2084186df4ffe7b85232) Importer(815301076,1909f56bfc062723c751e8b465ee728b)
Start importing Assets/Christmas-Assets-FREE/Textures/Santa-Hat-Color+Spec.tga using Guid(e65c5995adef2084186df4ffe7b85232) Importer(815301076,1909f56bfc062723c751e8b465ee728b)  -> (artifact id: '44ab94708798810cd089a9abbaeccfd2') in 0.015750 seconds 
========================================================================
Received Import Request.
  Time since last request: 0.000259 seconds.
  path: Assets/Christmas-Assets-FREE/Textures/Snowflake-Color+Spec.tga
  artifactKey: Guid(93b387e95c60bc2409b491fedcf670c6) Importer(815301076,1909f56bfc062723c751e8b465ee728b)
Start importing Assets/Christmas-Assets-FREE/Textures/Snowflake-Color+Spec.tga using Guid(93b387e95c60bc2409b491fedcf670c6) Importer(815301076,1909f56bfc062723c751e8b465ee728b)  -> (artifact id: 'efb3dc3f5bb1e580e954fac25208b59f') in 0.017648 seconds 
========================================================================
Received Import Request.
  Time since last request: 0.000389 seconds.
  path: Assets/Christmas-Assets-FREE/Textures/Present-Box-01-01-Color+Spec.tga
  artifactKey: Guid(5faab7b522026284883a047a92794d79) Importer(815301076,1909f56bfc062723c751e8b465ee728b)
Start importing Assets/Christmas-Assets-FREE/Textures/Present-Box-01-01-Color+Spec.tga using Guid(5faab7b522026284883a047a92794d79) Importer(815301076,1909f56bfc062723c751e8b465ee728b)  -> (artifact id: '6c088ce04e46dad6a7f1dc90a45742b9') in 0.014586 seconds 
========================================================================
Received Import Request.
  Time since last request: 0.000285 seconds.
  path: Assets/Christmas-Assets-FREE/Textures/Present-Ribbon-01-Color+Spec.tga
  artifactKey: Guid(d2a0b020a8f6851449e71d880579c729) Importer(815301076,1909f56bfc062723c751e8b465ee728b)
Start importing Assets/Christmas-Assets-FREE/Textures/Present-Ribbon-01-Color+Spec.tga using Guid(d2a0b020a8f6851449e71d880579c729) Importer(815301076,1909f56bfc062723c751e8b465ee728b)  -> (artifact id: '46c21b582d0d8784a335122da03cf927') in 0.031938 seconds 
========================================================================
Received Import Request.
  Time since last request: 10.951039 seconds.
  path: Assets/Lowpoly Toon Cat Lite/Model
  artifactKey: Guid(5990b1890387947428020419635b1a58) Importer(815301076,1909f56bfc062723c751e8b465ee728b)
Start importing Assets/Lowpoly Toon Cat Lite/Model using Guid(5990b1890387947428020419635b1a58) Importer(815301076,1909f56bfc062723c751e8b465ee728b)  -> (artifact id: '19d1262a8149b68327d0a40f0cb4d221') in 0.006954 seconds 
========================================================================
Received Import Request.
  Time since last request: 0.070250 seconds.
  path: Assets/Lowpoly Toon Cat Lite/Model/Cat Lite.fbx
  artifactKey: Guid(756b0c574f380324a85262e736c0418b) Importer(815301076,1909f56bfc062723c751e8b465ee728b)
Start importing Assets/Lowpoly Toon Cat Lite/Model/Cat Lite.fbx using Guid(756b0c574f380324a85262e736c0418b) Importer(815301076,1909f56bfc062723c751e8b465ee728b)  -> (artifact id: '53e94221384d97c3335b3e5e9f9a8ad8') in 0.105752 seconds 
========================================================================
Received Import Request.
  Time since last request: 12.090704 seconds.
  path: Assets/Lowpoly Toon Cat Lite/Demo/Cat_Lite_Demo.unity
  artifactKey: Guid(a7b6914484a72b84188cf4b1e4c46c4b) Importer(815301076,1909f56bfc062723c751e8b465ee728b)
Start importing Assets/Lowpoly Toon Cat Lite/Demo/Cat_Lite_Demo.unity using Guid(a7b6914484a72b84188cf4b1e4c46c4b) Importer(815301076,1909f56bfc062723c751e8b465ee728b)  -> (artifact id: '1cad38ef1ffc6e468f08a5df5988ae50') in 0.005229 seconds 
========================================================================
Received Import Request.
  Time since last request: 56.808569 seconds.
  path: Assets/Scenes/Dungeon_Demo.unity
  artifactKey: Guid(b94ee59f12f411f488e6df197429e012) Importer(815301076,1909f56bfc062723c751e8b465ee728b)
Start importing Assets/Scenes/Dungeon_Demo.unity using Guid(b94ee59f12f411f488e6df197429e012) Importer(815301076,1909f56bfc062723c751e8b465ee728b)  -> (artifact id: '3e4cd00640d4f822d95da4a127a125d5') in 0.004657 seconds 
========================================================================
Received Prepare
Registering precompiled user dll's ...
Registered in 0.012306 seconds.
Begin MonoManager ReloadAssembly
Native extension for WindowsStandalone target not found
Refreshing native plugins compatible for Editor in 0.60 ms, found 2 plugins.
Preloading 0 native plugins for Editor in 0.00 ms.
Mono: successfully reloaded assembly
- Completed reload, in  2.025 seconds
Domain Reload Profiling:
	ReloadAssembly (2026ms)
		BeginReloadAssembly (303ms)
			ExecutionOrderSort (0ms)
			DisableScriptedObjects (7ms)
			BackupInstance (0ms)
			ReleaseScriptingObjects (0ms)
			CreateAndSetChildDomain (51ms)
		EndReloadAssembly (1584ms)
			LoadAssemblies (303ms)
			RebuildTransferFunctionScriptingTraits (0ms)
			SetupTypeCache (567ms)
			ReleaseScriptCaches (1ms)
			RebuildScriptCaches (104ms)
			SetupLoadedEditorAssemblies (524ms)
				LogAssemblyErrors (0ms)
				InitializePlatformSupportModulesInManaged (10ms)
				SetLoadedEditorAssemblies (1ms)
				RefreshPlugins (1ms)
				BeforeProcessingInitializeOnLoad (130ms)
				ProcessInitializeOnLoadAttributes (329ms)
				ProcessInitializeOnLoadMethodAttributes (25ms)
				AfterProcessingInitializeOnLoad (29ms)
				EditorAssembliesLoaded (0ms)
			ExecutionOrderSort2 (0ms)
			AwakeInstancesAfterBackupRestoration (4ms)
Platform modules already initialized, skipping
Refreshing native plugins compatible for Editor in 0.99 ms, found 2 plugins.
Preloading 0 native plugins for Editor in 0.00 ms.
Unloading 1520 Unused Serialized files (Serialized files now loaded: 0)
System memory in use before: 91.1 MB.
System memory in use after: 91.2 MB.

Unloading 12 unused Assets to reduce memory usage. Loaded Objects now: 2039.
Total: 4.285200 ms (FindLiveObjects: 0.163700 ms CreateObjectMapping: 0.080700 ms MarkObjects: 4.002200 ms  DeleteObjects: 0.037300 ms)

AssetImportParameters requested are different than current active one (requested -> active):
  custom:framework-win-MediaFoundation: 216162199b28c13a410421893ffa2e32 -> 
  custom:video-decoder-ogg-theora: a1e56fd34408186e4bbccfd4996cb3dc -> 
  custom:container-muxer-webm: aa71ff27fc2769a1b78a27578f13a17b -> 
  custom:container-demuxer-webm: 4f35f7cbe854078d1ac9338744f61a02 -> 
  custom:container-demuxer-ogg: 62fdf1f143b41e24485cea50d1cbac27 -> 
  custom:video-encoder-webm-vp8: eb34c28f22e8b96e1ab97ce403110664 -> 
  custom:video-codec-MediaFoundation-h265: 746d11721c4dcdbdad8f713fa42b33f4 -> 
  custom:video-decoder-webm-vp8: 9c59270c3fd7afecdb556c50c9e8de78 -> 
  custom:audio-decoder-ogg-vorbis: bf7c407c2cedff20999df2af8eb42d56 -> 
  custom:audio-encoder-webm-vorbis: bf7c407c2cedff20999df2af8eb42d56 -> 
========================================================================
Received Import Request.
  Time since last request: 274.834273 seconds.
  path: Assets/Script/TalkManager.cs
  artifactKey: Guid(20352dedad6333c4bb09f34b8ae2c2a9) Importer(815301076,1909f56bfc062723c751e8b465ee728b)
Start importing Assets/Script/TalkManager.cs using Guid(20352dedad6333c4bb09f34b8ae2c2a9) Importer(815301076,1909f56bfc062723c751e8b465ee728b)  -> (artifact id: '8ac21c9ce69e9b96990549d6729f951c') in 0.335088 seconds 
========================================================================
Received Prepare
Registering precompiled user dll's ...
Registered in 0.018532 seconds.
Begin MonoManager ReloadAssembly
Native extension for WindowsStandalone target not found
Refreshing native plugins compatible for Editor in 0.97 ms, found 2 plugins.
Preloading 0 native plugins for Editor in 0.00 ms.
Mono: successfully reloaded assembly
- Completed reload, in  3.274 seconds
Domain Reload Profiling:
	ReloadAssembly (3275ms)
		BeginReloadAssembly (341ms)
			ExecutionOrderSort (0ms)
			DisableScriptedObjects (13ms)
			BackupInstance (0ms)
			ReleaseScriptingObjects (0ms)
			CreateAndSetChildDomain (61ms)
		EndReloadAssembly (2625ms)
			LoadAssemblies (553ms)
			RebuildTransferFunctionScriptingTraits (0ms)
			SetupTypeCache (953ms)
			ReleaseScriptCaches (2ms)
			RebuildScriptCaches (113ms)
			SetupLoadedEditorAssemblies (799ms)
				LogAssemblyErrors (0ms)
				InitializePlatformSupportModulesInManaged (13ms)
				SetLoadedEditorAssemblies (1ms)
				RefreshPlugins (1ms)
				BeforeProcessingInitializeOnLoad (224ms)
				ProcessInitializeOnLoadAttributes (487ms)
				ProcessInitializeOnLoadMethodAttributes (33ms)
				AfterProcessingInitializeOnLoad (39ms)
				EditorAssembliesLoaded (1ms)
			ExecutionOrderSort2 (0ms)
			AwakeInstancesAfterBackupRestoration (5ms)
Platform modules already initialized, skipping
Refreshing native plugins compatible for Editor in 2.05 ms, found 2 plugins.
Preloading 0 native plugins for Editor in 0.00 ms.
Unloading 1521 Unused Serialized files (Serialized files now loaded: 0)
System memory in use before: 91.1 MB.
System memory in use after: 91.2 MB.

Unloading 11 unused Assets to reduce memory usage. Loaded Objects now: 2043.
Total: 5.759200 ms (FindLiveObjects: 0.250400 ms CreateObjectMapping: 0.119900 ms MarkObjects: 5.349700 ms  DeleteObjects: 0.037700 ms)

AssetImportParameters requested are different than current active one (requested -> active):
  custom:framework-win-MediaFoundation: 216162199b28c13a410421893ffa2e32 -> 
  custom:video-decoder-ogg-theora: a1e56fd34408186e4bbccfd4996cb3dc -> 
  custom:container-muxer-webm: aa71ff27fc2769a1b78a27578f13a17b -> 
  custom:container-demuxer-webm: 4f35f7cbe854078d1ac9338744f61a02 -> 
  custom:container-demuxer-ogg: 62fdf1f143b41e24485cea50d1cbac27 -> 
  custom:video-encoder-webm-vp8: eb34c28f22e8b96e1ab97ce403110664 -> 
  custom:video-codec-MediaFoundation-h265: 746d11721c4dcdbdad8f713fa42b33f4 -> 
  custom:video-decoder-webm-vp8: 9c59270c3fd7afecdb556c50c9e8de78 -> 
  custom:audio-decoder-ogg-vorbis: bf7c407c2cedff20999df2af8eb42d56 -> 
  custom:audio-encoder-webm-vorbis: bf7c407c2cedff20999df2af8eb42d56 -> 
========================================================================
Received Import Request.
  Time since last request: 309.757048 seconds.
  path: Assets/Script/TalkManager.cs
  artifactKey: Guid(20352dedad6333c4bb09f34b8ae2c2a9) Importer(815301076,1909f56bfc062723c751e8b465ee728b)
Start importing Assets/Script/TalkManager.cs using Guid(20352dedad6333c4bb09f34b8ae2c2a9) Importer(815301076,1909f56bfc062723c751e8b465ee728b)  -> (artifact id: '1422e050df44178e300eb327f18e097a') in 0.013890 seconds 
========================================================================
Received Import Request.
  Time since last request: 15.678175 seconds.
  path: Assets/Script/GameManager.cs
  artifactKey: Guid(285011f9045c53345b2da380d06306a0) Importer(815301076,1909f56bfc062723c751e8b465ee728b)
Start importing Assets/Script/GameManager.cs using Guid(285011f9045c53345b2da380d06306a0) Importer(815301076,1909f56bfc062723c751e8b465ee728b)  -> (artifact id: 'c407572b56fef0edea700ce662c74805') in 0.005861 seconds 
========================================================================
Received Import Request.
  Time since last request: 155.390382 seconds.
  path: Assets/Script/GameManager.cs
  artifactKey: Guid(285011f9045c53345b2da380d06306a0) Importer(815301076,1909f56bfc062723c751e8b465ee728b)
Start importing Assets/Script/GameManager.cs using Guid(285011f9045c53345b2da380d06306a0) Importer(815301076,1909f56bfc062723c751e8b465ee728b)  -> (artifact id: '03ef79aa653609680ca404c53b866234') in 0.009533 seconds 
========================================================================
Received Import Request.
  Time since last request: 290.294539 seconds.
  path: Assets/Script/ObjData.cs
  artifactKey: Guid(a0846a4553eb9ac489c1637510267694) Importer(815301076,1909f56bfc062723c751e8b465ee728b)
Start importing Assets/Script/ObjData.cs using Guid(a0846a4553eb9ac489c1637510267694) Importer(815301076,1909f56bfc062723c751e8b465ee728b)  -> (artifact id: 'c864fc001754dc387823ba9aef125677') in 0.006558 seconds 
========================================================================
Received Import Request.
  Time since last request: 241.830568 seconds.
  path: Assets/Script/ObjData.cs
  artifactKey: Guid(a0846a4553eb9ac489c1637510267694) Importer(815301076,1909f56bfc062723c751e8b465ee728b)
Start importing Assets/Script/ObjData.cs using Guid(a0846a4553eb9ac489c1637510267694) Importer(815301076,1909f56bfc062723c751e8b465ee728b)  -> (artifact id: 'f72b12b6d069869724a545ce87934ea1') in 0.005748 seconds 
========================================================================
Received Import Request.
  Time since last request: 25.398616 seconds.
  path: Assets/Script/GameManager.cs
  artifactKey: Guid(285011f9045c53345b2da380d06306a0) Importer(815301076,1909f56bfc062723c751e8b465ee728b)
Start importing Assets/Script/GameManager.cs using Guid(285011f9045c53345b2da380d06306a0) Importer(815301076,1909f56bfc062723c751e8b465ee728b)  -> (artifact id: 'c366788696a68d4a136817fd29c82e89') in 0.004875 seconds 
========================================================================
Received Import Request.
  Time since last request: 18.493208 seconds.
  path: Assets/Script/GameManager.cs
  artifactKey: Guid(285011f9045c53345b2da380d06306a0) Importer(815301076,1909f56bfc062723c751e8b465ee728b)
Start importing Assets/Script/GameManager.cs using Guid(285011f9045c53345b2da380d06306a0) Importer(815301076,1909f56bfc062723c751e8b465ee728b)  -> (artifact id: '40811ea2dcc08bdb921d4a3d073bd672') in 0.012318 seconds 
========================================================================
Received Import Request.
  Time since last request: 37.131420 seconds.
  path: Assets/Script/GameManager.cs
  artifactKey: Guid(285011f9045c53345b2da380d06306a0) Importer(815301076,1909f56bfc062723c751e8b465ee728b)
Start importing Assets/Script/GameManager.cs using Guid(285011f9045c53345b2da380d06306a0) Importer(815301076,1909f56bfc062723c751e8b465ee728b)  -> (artifact id: 'bde5b3c045427c69200ba9c56a7e9256') in 0.007288 seconds 
========================================================================
Received Import Request.
  Time since last request: 8.076004 seconds.
  path: Assets/Script/TalkManager.cs
  artifactKey: Guid(20352dedad6333c4bb09f34b8ae2c2a9) Importer(815301076,1909f56bfc062723c751e8b465ee728b)
Start importing Assets/Script/TalkManager.cs using Guid(20352dedad6333c4bb09f34b8ae2c2a9) Importer(815301076,1909f56bfc062723c751e8b465ee728b)  -> (artifact id: 'b4ca3151388d5e6dcc67088fdf70d620') in 0.005378 seconds 
========================================================================
Received Import Request.
  Time since last request: 72.616059 seconds.
  path: Assets/Script/TalkManager.cs
  artifactKey: Guid(20352dedad6333c4bb09f34b8ae2c2a9) Importer(815301076,1909f56bfc062723c751e8b465ee728b)
Start importing Assets/Script/TalkManager.cs using Guid(20352dedad6333c4bb09f34b8ae2c2a9) Importer(815301076,1909f56bfc062723c751e8b465ee728b)  -> (artifact id: 'a320caca7c81e095fb5c7120a9690905') in 0.029397 seconds 
========================================================================
Received Import Request.
  Time since last request: 49.224111 seconds.
  path: Assets/Script/TalkManager.cs
  artifactKey: Guid(20352dedad6333c4bb09f34b8ae2c2a9) Importer(815301076,1909f56bfc062723c751e8b465ee728b)
Start importing Assets/Script/TalkManager.cs using Guid(20352dedad6333c4bb09f34b8ae2c2a9) Importer(815301076,1909f56bfc062723c751e8b465ee728b)  -> (artifact id: '6fa2ae5091b0a951ce0c756d77e14d7c') in 0.006577 seconds 
========================================================================
Received Import Request.
  Time since last request: 97.774755 seconds.
  path: Assets/Script/TalkManager.cs
  artifactKey: Guid(20352dedad6333c4bb09f34b8ae2c2a9) Importer(815301076,1909f56bfc062723c751e8b465ee728b)
Start importing Assets/Script/TalkManager.cs using Guid(20352dedad6333c4bb09f34b8ae2c2a9) Importer(815301076,1909f56bfc062723c751e8b465ee728b)  -> (artifact id: 'ad1e3c446ec855955342b9d27ec3562f') in 0.007175 seconds 
========================================================================
Received Prepare
Registering precompiled user dll's ...
Registered in 0.011981 seconds.
Begin MonoManager ReloadAssembly
Native extension for WindowsStandalone target not found
Refreshing native plugins compatible for Editor in 0.89 ms, found 2 plugins.
Preloading 0 native plugins for Editor in 0.00 ms.
Mono: successfully reloaded assembly
- Completed reload, in  1.586 seconds
Domain Reload Profiling:
	ReloadAssembly (1587ms)
		BeginReloadAssembly (225ms)
			ExecutionOrderSort (0ms)
			DisableScriptedObjects (9ms)
			BackupInstance (0ms)
			ReleaseScriptingObjects (0ms)
			CreateAndSetChildDomain (43ms)
		EndReloadAssembly (1255ms)
			LoadAssemblies (224ms)
			RebuildTransferFunctionScriptingTraits (0ms)
			SetupTypeCache (416ms)
			ReleaseScriptCaches (1ms)
			RebuildScriptCaches (71ms)
			SetupLoadedEditorAssemblies (451ms)
				LogAssemblyErrors (0ms)
				InitializePlatformSupportModulesInManaged (8ms)
				SetLoadedEditorAssemblies (1ms)
				RefreshPlugins (1ms)
				BeforeProcessingInitializeOnLoad (111ms)
				ProcessInitializeOnLoadAttributes (282ms)
				ProcessInitializeOnLoadMethodAttributes (24ms)
				AfterProcessingInitializeOnLoad (24ms)
				EditorAssembliesLoaded (0ms)
			ExecutionOrderSort2 (0ms)
			AwakeInstancesAfterBackupRestoration (3ms)
Platform modules already initialized, skipping
Refreshing native plugins compatible for Editor in 0.59 ms, found 2 plugins.
Preloading 0 native plugins for Editor in 0.00 ms.
Unloading 1523 Unused Serialized files (Serialized files now loaded: 0)
System memory in use before: 91.2 MB.
System memory in use after: 91.3 MB.

Unloading 11 unused Assets to reduce memory usage. Loaded Objects now: 2048.
Total: 3.151700 ms (FindLiveObjects: 0.150900 ms CreateObjectMapping: 0.063900 ms MarkObjects: 2.889900 ms  DeleteObjects: 0.045900 ms)

AssetImportParameters requested are different than current active one (requested -> active):
  custom:framework-win-MediaFoundation: 216162199b28c13a410421893ffa2e32 -> 
  custom:video-decoder-ogg-theora: a1e56fd34408186e4bbccfd4996cb3dc -> 
  custom:container-muxer-webm: aa71ff27fc2769a1b78a27578f13a17b -> 
  custom:container-demuxer-webm: 4f35f7cbe854078d1ac9338744f61a02 -> 
  custom:container-demuxer-ogg: 62fdf1f143b41e24485cea50d1cbac27 -> 
  custom:video-encoder-webm-vp8: eb34c28f22e8b96e1ab97ce403110664 -> 
  custom:video-codec-MediaFoundation-h265: 746d11721c4dcdbdad8f713fa42b33f4 -> 
  custom:video-decoder-webm-vp8: 9c59270c3fd7afecdb556c50c9e8de78 -> 
  custom:audio-decoder-ogg-vorbis: bf7c407c2cedff20999df2af8eb42d56 -> 
  custom:audio-encoder-webm-vorbis: bf7c407c2cedff20999df2af8eb42d56 -> 
========================================================================
Received Prepare
Registering precompiled user dll's ...
Registered in 0.012204 seconds.
Begin MonoManager ReloadAssembly
Native extension for WindowsStandalone target not found
Refreshing native plugins compatible for Editor in 0.89 ms, found 2 plugins.
Preloading 0 native plugins for Editor in 0.00 ms.
Mono: successfully reloaded assembly
- Completed reload, in  1.807 seconds
Domain Reload Profiling:
	ReloadAssembly (1808ms)
		BeginReloadAssembly (243ms)
			ExecutionOrderSort (0ms)
			DisableScriptedObjects (8ms)
			BackupInstance (0ms)
			ReleaseScriptingObjects (0ms)
			CreateAndSetChildDomain (48ms)
		EndReloadAssembly (1417ms)
			LoadAssemblies (246ms)
			RebuildTransferFunctionScriptingTraits (0ms)
			SetupTypeCache (490ms)
			ReleaseScriptCaches (1ms)
			RebuildScriptCaches (75ms)
			SetupLoadedEditorAssemblies (499ms)
				LogAssemblyErrors (0ms)
				InitializePlatformSupportModulesInManaged (8ms)
				SetLoadedEditorAssemblies (1ms)
				RefreshPlugins (1ms)
				BeforeProcessingInitializeOnLoad (118ms)
				ProcessInitializeOnLoadAttributes (322ms)
				ProcessInitializeOnLoadMethodAttributes (23ms)
				AfterProcessingInitializeOnLoad (25ms)
				EditorAssembliesLoaded (0ms)
			ExecutionOrderSort2 (0ms)
			AwakeInstancesAfterBackupRestoration (4ms)
Platform modules already initialized, skipping
Refreshing native plugins compatible for Editor in 0.58 ms, found 2 plugins.
Preloading 0 native plugins for Editor in 0.00 ms.
Unloading 1523 Unused Serialized files (Serialized files now loaded: 0)
System memory in use before: 91.2 MB.
System memory in use after: 91.3 MB.

Unloading 11 unused Assets to reduce memory usage. Loaded Objects now: 2051.
Total: 4.553500 ms (FindLiveObjects: 0.237200 ms CreateObjectMapping: 0.125600 ms MarkObjects: 4.159900 ms  DeleteObjects: 0.029500 ms)

AssetImportParameters requested are different than current active one (requested -> active):
  custom:framework-win-MediaFoundation: 216162199b28c13a410421893ffa2e32 -> 
  custom:video-decoder-ogg-theora: a1e56fd34408186e4bbccfd4996cb3dc -> 
  custom:container-muxer-webm: aa71ff27fc2769a1b78a27578f13a17b -> 
  custom:container-demuxer-webm: 4f35f7cbe854078d1ac9338744f61a02 -> 
  custom:container-demuxer-ogg: 62fdf1f143b41e24485cea50d1cbac27 -> 
  custom:video-encoder-webm-vp8: eb34c28f22e8b96e1ab97ce403110664 -> 
  custom:video-codec-MediaFoundation-h265: 746d11721c4dcdbdad8f713fa42b33f4 -> 
  custom:video-decoder-webm-vp8: 9c59270c3fd7afecdb556c50c9e8de78 -> 
  custom:audio-decoder-ogg-vorbis: bf7c407c2cedff20999df2af8eb42d56 -> 
  custom:audio-encoder-webm-vorbis: bf7c407c2cedff20999df2af8eb42d56 -> 
========================================================================
Received Import Request.
  Time since last request: 289.782743 seconds.
  path: Assets/Script/GameManager.cs
  artifactKey: Guid(285011f9045c53345b2da380d06306a0) Importer(815301076,1909f56bfc062723c751e8b465ee728b)
Start importing Assets/Script/GameManager.cs using Guid(285011f9045c53345b2da380d06306a0) Importer(815301076,1909f56bfc062723c751e8b465ee728b)  -> (artifact id: '53be076b9985c3b7d075f7cb8f410254') in 0.007632 seconds 
========================================================================
Received Import Request.
  Time since last request: 387.831558 seconds.
  path: Assets/Sprites
  artifactKey: Guid(b814a51b74c4fa04ab8af8caa2059767) Importer(815301076,1909f56bfc062723c751e8b465ee728b)
Start importing Assets/Sprites using Guid(b814a51b74c4fa04ab8af8caa2059767) Importer(815301076,1909f56bfc062723c751e8b465ee728b)  -> (artifact id: 'e4e0823a505bca5445c33660d81783bb') in 0.005495 seconds 
========================================================================
Received Prepare
Registering precompiled user dll's ...
Registered in 0.013782 seconds.
Begin MonoManager ReloadAssembly
Native extension for WindowsStandalone target not found
Refreshing native plugins compatible for Editor in 0.85 ms, found 2 plugins.
Preloading 0 native plugins for Editor in 0.00 ms.
Mono: successfully reloaded assembly
- Completed reload, in  1.696 seconds
Domain Reload Profiling:
	ReloadAssembly (1697ms)
		BeginReloadAssembly (227ms)
			ExecutionOrderSort (0ms)
			DisableScriptedObjects (8ms)
			BackupInstance (0ms)
			ReleaseScriptingObjects (0ms)
			CreateAndSetChildDomain (41ms)
		EndReloadAssembly (1343ms)
			LoadAssemblies (224ms)
			RebuildTransferFunctionScriptingTraits (0ms)
			SetupTypeCache (429ms)
			ReleaseScriptCaches (2ms)
			RebuildScriptCaches (87ms)
			SetupLoadedEditorAssemblies (481ms)
				LogAssemblyErrors (0ms)
				InitializePlatformSupportModulesInManaged (9ms)
				SetLoadedEditorAssemblies (1ms)
				RefreshPlugins (1ms)
				BeforeProcessingInitializeOnLoad (110ms)
				ProcessInitializeOnLoadAttributes (308ms)
				ProcessInitializeOnLoadMethodAttributes (25ms)
				AfterProcessingInitializeOnLoad (27ms)
				EditorAssembliesLoaded (0ms)
			ExecutionOrderSort2 (0ms)
			AwakeInstancesAfterBackupRestoration (4ms)
Platform modules already initialized, skipping
Refreshing native plugins compatible for Editor in 0.91 ms, found 2 plugins.
Preloading 0 native plugins for Editor in 0.00 ms.
Unloading 1525 Unused Serialized files (Serialized files now loaded: 0)
System memory in use before: 91.2 MB.
System memory in use after: 91.3 MB.

Unloading 11 unused Assets to reduce memory usage. Loaded Objects now: 2056.
Total: 3.008500 ms (FindLiveObjects: 0.154200 ms CreateObjectMapping: 0.081000 ms MarkObjects: 2.746100 ms  DeleteObjects: 0.026200 ms)

AssetImportParameters requested are different than current active one (requested -> active):
  custom:framework-win-MediaFoundation: 216162199b28c13a410421893ffa2e32 -> 
  custom:video-decoder-ogg-theora: a1e56fd34408186e4bbccfd4996cb3dc -> 
  custom:container-muxer-webm: aa71ff27fc2769a1b78a27578f13a17b -> 
  custom:container-demuxer-webm: 4f35f7cbe854078d1ac9338744f61a02 -> 
  custom:container-demuxer-ogg: 62fdf1f143b41e24485cea50d1cbac27 -> 
  custom:video-encoder-webm-vp8: eb34c28f22e8b96e1ab97ce403110664 -> 
  custom:video-codec-MediaFoundation-h265: 746d11721c4dcdbdad8f713fa42b33f4 -> 
  custom:video-decoder-webm-vp8: 9c59270c3fd7afecdb556c50c9e8de78 -> 
  custom:audio-decoder-ogg-vorbis: bf7c407c2cedff20999df2af8eb42d56 -> 
  custom:audio-encoder-webm-vorbis: bf7c407c2cedff20999df2af8eb42d56 -> 
========================================================================
Received Import Request.
  Time since last request: 203.250912 seconds.
  path: Assets/TopDown 2D RPG BE3/App Icon.png
  artifactKey: Guid(e15a0aaf619d8aa429bd091186fb29a2) Importer(815301076,1909f56bfc062723c751e8b465ee728b)
Start importing Assets/TopDown 2D RPG BE3/App Icon.png using Guid(e15a0aaf619d8aa429bd091186fb29a2) Importer(815301076,1909f56bfc062723c751e8b465ee728b)  -> (artifact id: 'ee46d244424f960bf938aa8ec2dc3c83') in 0.143274 seconds 
========================================================================
Received Import Request.
  Time since last request: 0.000201 seconds.
  path: Assets/TopDown 2D RPG BE3/Readme.asset
  artifactKey: Guid(4ff280a9fdc784d46beb69b6da783245) Importer(815301076,1909f56bfc062723c751e8b465ee728b)
Start importing Assets/TopDown 2D RPG BE3/Readme.asset using Guid(4ff280a9fdc784d46beb69b6da783245) Importer(815301076,1909f56bfc062723c751e8b465ee728b)  -> (artifact id: 'c127c6590197fb948ef53a49cb221555') in 0.008938 seconds 
========================================================================
Received Import Request.
  Time since last request: 7.233283 seconds.
  path: Assets/TopDown 2D RPG BE3/Sprites
  artifactKey: Guid(24208ecbe2041c34db5f5403b9304207) Importer(815301076,1909f56bfc062723c751e8b465ee728b)
Start importing Assets/TopDown 2D RPG BE3/Sprites using Guid(24208ecbe2041c34db5f5403b9304207) Importer(815301076,1909f56bfc062723c751e8b465ee728b)  -> (artifact id: '868896c4e0c1f43d5bffa54efac30d17') in 0.004948 seconds 
========================================================================
Received Import Request.
  Time since last request: 0.085327 seconds.
  path: Assets/TopDown 2D RPG BE3/Sprites/NPC Portrait.png
  artifactKey: Guid(d79edf18a76e2654a9ac99f15de8b2b3) Importer(815301076,1909f56bfc062723c751e8b465ee728b)
Start importing Assets/TopDown 2D RPG BE3/Sprites/NPC Portrait.png using Guid(d79edf18a76e2654a9ac99f15de8b2b3) Importer(815301076,1909f56bfc062723c751e8b465ee728b)  -> (artifact id: 'fdf5be6318a47428b46ed1e07a2c4e95') in 0.044895 seconds 
========================================================================
Received Import Request.
  Time since last request: 0.000220 seconds.
  path: Assets/TopDown 2D RPG BE3/Sprites/Tiles.png
  artifactKey: Guid(dc747d0a3cdf6594f9f275fdd2a48b4b) Importer(815301076,1909f56bfc062723c751e8b465ee728b)
Start importing Assets/TopDown 2D RPG BE3/Sprites/Tiles.png using Guid(dc747d0a3cdf6594f9f275fdd2a48b4b) Importer(815301076,1909f56bfc062723c751e8b465ee728b)  -> (artifact id: '0b2544f4a6e88990f3bf82f8bbc2b109') in 0.109629 seconds 
========================================================================
Received Import Request.
  Time since last request: 0.000205 seconds.
  path: Assets/TopDown 2D RPG BE3/Sprites/NPC.png
  artifactKey: Guid(2f90eb840bd0cf4438d49759bc08d718) Importer(815301076,1909f56bfc062723c751e8b465ee728b)
Start importing Assets/TopDown 2D RPG BE3/Sprites/NPC.png using Guid(2f90eb840bd0cf4438d49759bc08d718) Importer(815301076,1909f56bfc062723c751e8b465ee728b)  -> (artifact id: '03ad7bd6d812d41ad3e0c918e5050fe3') in 0.027068 seconds 
========================================================================
Received Import Request.
  Time since last request: 0.000289 seconds.
  path: Assets/TopDown 2D RPG BE3/Sprites/Objects.png
  artifactKey: Guid(20d6cce5c7ac33b4e97f0f98a09aa347) Importer(815301076,1909f56bfc062723c751e8b465ee728b)
Start importing Assets/TopDown 2D RPG BE3/Sprites/Objects.png using Guid(20d6cce5c7ac33b4e97f0f98a09aa347) Importer(815301076,1909f56bfc062723c751e8b465ee728b)  -> (artifact id: '20b3bc88ad0921d14e061aa5091bea44') in 0.104965 seconds 
========================================================================
Received Import Request.
  Time since last request: 0.000296 seconds.
  path: Assets/TopDown 2D RPG BE3/Sprites/Player.png
  artifactKey: Guid(23748c298f885bf4c89671f6d30f562b) Importer(815301076,1909f56bfc062723c751e8b465ee728b)
Start importing Assets/TopDown 2D RPG BE3/Sprites/Player.png using Guid(23748c298f885bf4c89671f6d30f562b) Importer(815301076,1909f56bfc062723c751e8b465ee728b)  -> (artifact id: '234843d5492368316d807ac7b80f52a6') in 0.080972 seconds 
========================================================================
Received Import Request.
  Time since last request: 0.000255 seconds.
  path: Assets/TopDown 2D RPG BE3/Sprites/User Interface.png
  artifactKey: Guid(1c9bc0d104c01934da10d4333b9dc48b) Importer(815301076,1909f56bfc062723c751e8b465ee728b)
Start importing Assets/TopDown 2D RPG BE3/Sprites/User Interface.png using Guid(1c9bc0d104c01934da10d4333b9dc48b) Importer(815301076,1909f56bfc062723c751e8b465ee728b)  -> (artifact id: 'bdb58fcd0e0c6fb8bc7210b516906bc0') in 0.055210 seconds 
========================================================================
Received Import Request.
  Time since last request: 11.233825 seconds.
  path: Assets/TopDown 2D RPG BE3/Demo
  artifactKey: Guid(4ad316026e8893d428d998f0a1c2ad68) Importer(815301076,1909f56bfc062723c751e8b465ee728b)
Start importing Assets/TopDown 2D RPG BE3/Demo using Guid(4ad316026e8893d428d998f0a1c2ad68) Importer(815301076,1909f56bfc062723c751e8b465ee728b)  -> (artifact id: '7450c108e2f6b7c90a24805eda3ca3bd') in 0.004729 seconds 
========================================================================
Received Prepare
Registering precompiled user dll's ...
Registered in 0.018638 seconds.
Begin MonoManager ReloadAssembly
Native extension for WindowsStandalone target not found
Refreshing native plugins compatible for Editor in 0.86 ms, found 2 plugins.
Preloading 0 native plugins for Editor in 0.00 ms.
Mono: successfully reloaded assembly
- Completed reload, in  1.780 seconds
Domain Reload Profiling:
	ReloadAssembly (1781ms)
		BeginReloadAssembly (206ms)
			ExecutionOrderSort (0ms)
			DisableScriptedObjects (5ms)
			BackupInstance (0ms)
			ReleaseScriptingObjects (0ms)
			CreateAndSetChildDomain (43ms)
		EndReloadAssembly (1443ms)
			LoadAssemblies (206ms)
			RebuildTransferFunctionScriptingTraits (0ms)
			SetupTypeCache (516ms)
			ReleaseScriptCaches (2ms)
			RebuildScriptCaches (90ms)
			SetupLoadedEditorAssemblies (473ms)
				LogAssemblyErrors (0ms)
				InitializePlatformSupportModulesInManaged (9ms)
				SetLoadedEditorAssemblies (1ms)
				RefreshPlugins (1ms)
				BeforeProcessingInitializeOnLoad (114ms)
				ProcessInitializeOnLoadAttributes (302ms)
				ProcessInitializeOnLoadMethodAttributes (22ms)
				AfterProcessingInitializeOnLoad (23ms)
				EditorAssembliesLoaded (0ms)
			ExecutionOrderSort2 (0ms)
			AwakeInstancesAfterBackupRestoration (3ms)
Platform modules already initialized, skipping
Refreshing native plugins compatible for Editor in 0.57 ms, found 2 plugins.
Preloading 0 native plugins for Editor in 0.00 ms.
Unloading 1525 Unused Serialized files (Serialized files now loaded: 0)
System memory in use before: 91.3 MB.
System memory in use after: 91.4 MB.

Unloading 11 unused Assets to reduce memory usage. Loaded Objects now: 2077.
Total: 3.464500 ms (FindLiveObjects: 0.151400 ms CreateObjectMapping: 0.064100 ms MarkObjects: 3.219900 ms  DeleteObjects: 0.028100 ms)

AssetImportParameters requested are different than current active one (requested -> active):
  custom:framework-win-MediaFoundation: 216162199b28c13a410421893ffa2e32 -> 
  custom:video-decoder-ogg-theora: a1e56fd34408186e4bbccfd4996cb3dc -> 
  custom:container-muxer-webm: aa71ff27fc2769a1b78a27578f13a17b -> 
  custom:container-demuxer-webm: 4f35f7cbe854078d1ac9338744f61a02 -> 
  custom:container-demuxer-ogg: 62fdf1f143b41e24485cea50d1cbac27 -> 
  custom:video-encoder-webm-vp8: eb34c28f22e8b96e1ab97ce403110664 -> 
  custom:video-codec-MediaFoundation-h265: 746d11721c4dcdbdad8f713fa42b33f4 -> 
  custom:video-decoder-webm-vp8: 9c59270c3fd7afecdb556c50c9e8de78 -> 
  custom:audio-decoder-ogg-vorbis: bf7c407c2cedff20999df2af8eb42d56 -> 
  custom:audio-encoder-webm-vorbis: bf7c407c2cedff20999df2af8eb42d56 -> 
========================================================================
Received Import Request.
  Time since last request: 603.608998 seconds.
  path: Assets/Zololgo
  artifactKey: Guid(72356ffa8b19370498104dabab113266) Importer(815301076,1909f56bfc062723c751e8b465ee728b)
Start importing Assets/Zololgo using Guid(72356ffa8b19370498104dabab113266) Importer(815301076,1909f56bfc062723c751e8b465ee728b)  -> (artifact id: 'f7c5ff0f02e5a2d99f045c2cb4380a32') in 0.008262 seconds 
========================================================================
Received Prepare
Registering precompiled user dll's ...
Registered in 0.011394 seconds.
Begin MonoManager ReloadAssembly
Native extension for WindowsStandalone target not found
Refreshing native plugins compatible for Editor in 1.21 ms, found 2 plugins.
Preloading 0 native plugins for Editor in 0.00 ms.
Mono: successfully reloaded assembly
- Completed reload, in  1.785 seconds
Domain Reload Profiling:
	ReloadAssembly (1785ms)
		BeginReloadAssembly (246ms)
			ExecutionOrderSort (0ms)
			DisableScriptedObjects (6ms)
			BackupInstance (0ms)
			ReleaseScriptingObjects (0ms)
			CreateAndSetChildDomain (46ms)
		EndReloadAssembly (1408ms)
			LoadAssemblies (250ms)
			RebuildTransferFunctionScriptingTraits (0ms)
			SetupTypeCache (443ms)
			ReleaseScriptCaches (2ms)
			RebuildScriptCaches (77ms)
			SetupLoadedEditorAssemblies (550ms)
				LogAssemblyErrors (0ms)
				InitializePlatformSupportModulesInManaged (10ms)
				SetLoadedEditorAssemblies (2ms)
				RefreshPlugins (1ms)
				BeforeProcessingInitializeOnLoad (138ms)
				ProcessInitializeOnLoadAttributes (350ms)
				ProcessInitializeOnLoadMethodAttributes (21ms)
				AfterProcessingInitializeOnLoad (27ms)
				EditorAssembliesLoaded (0ms)
			ExecutionOrderSort2 (0ms)
			AwakeInstancesAfterBackupRestoration (4ms)
Platform modules already initialized, skipping
Refreshing native plugins compatible for Editor in 1.07 ms, found 2 plugins.
Preloading 0 native plugins for Editor in 0.00 ms.
Unloading 1525 Unused Serialized files (Serialized files now loaded: 0)
System memory in use before: 91.3 MB.
System memory in use after: 91.4 MB.

Unloading 11 unused Assets to reduce memory usage. Loaded Objects now: 2080.
Total: 3.562600 ms (FindLiveObjects: 0.152700 ms CreateObjectMapping: 0.060200 ms MarkObjects: 3.325400 ms  DeleteObjects: 0.023200 ms)

AssetImportParameters requested are different than current active one (requested -> active):
  custom:framework-win-MediaFoundation: 216162199b28c13a410421893ffa2e32 -> 
  custom:video-decoder-ogg-theora: a1e56fd34408186e4bbccfd4996cb3dc -> 
  custom:container-muxer-webm: aa71ff27fc2769a1b78a27578f13a17b -> 
  custom:container-demuxer-webm: 4f35f7cbe854078d1ac9338744f61a02 -> 
  custom:container-demuxer-ogg: 62fdf1f143b41e24485cea50d1cbac27 -> 
  custom:video-encoder-webm-vp8: eb34c28f22e8b96e1ab97ce403110664 -> 
  custom:video-codec-MediaFoundation-h265: 746d11721c4dcdbdad8f713fa42b33f4 -> 
  custom:video-decoder-webm-vp8: 9c59270c3fd7afecdb556c50c9e8de78 -> 
  custom:audio-decoder-ogg-vorbis: bf7c407c2cedff20999df2af8eb42d56 -> 
  custom:audio-encoder-webm-vorbis: bf7c407c2cedff20999df2af8eb42d56 -> 
========================================================================
Received Prepare
Registering precompiled user dll's ...
Registered in 0.013992 seconds.
Begin MonoManager ReloadAssembly
Native extension for WindowsStandalone target not found
Refreshing native plugins compatible for Editor in 0.55 ms, found 2 plugins.
Preloading 0 native plugins for Editor in 0.00 ms.
Mono: successfully reloaded assembly
- Completed reload, in  1.599 seconds
Domain Reload Profiling:
	ReloadAssembly (1599ms)
		BeginReloadAssembly (184ms)
			ExecutionOrderSort (0ms)
			DisableScriptedObjects (5ms)
			BackupInstance (0ms)
			ReleaseScriptingObjects (0ms)
			CreateAndSetChildDomain (30ms)
		EndReloadAssembly (1298ms)
			LoadAssemblies (206ms)
			RebuildTransferFunctionScriptingTraits (0ms)
			SetupTypeCache (456ms)
			ReleaseScriptCaches (1ms)
			RebuildScriptCaches (66ms)
			SetupLoadedEditorAssemblies (466ms)
				LogAssemblyErrors (0ms)
				InitializePlatformSupportModulesInManaged (6ms)
				SetLoadedEditorAssemblies (1ms)
				RefreshPlugins (1ms)
				BeforeProcessingInitializeOnLoad (99ms)
				ProcessInitializeOnLoadAttributes (302ms)
				ProcessInitializeOnLoadMethodAttributes (26ms)
				AfterProcessingInitializeOnLoad (31ms)
				EditorAssembliesLoaded (0ms)
			ExecutionOrderSort2 (0ms)
			AwakeInstancesAfterBackupRestoration (3ms)
Platform modules already initialized, skipping
Refreshing native plugins compatible for Editor in 0.61 ms, found 2 plugins.
Preloading 0 native plugins for Editor in 0.00 ms.
Unloading 1525 Unused Serialized files (Serialized files now loaded: 0)
System memory in use before: 91.3 MB.
System memory in use after: 91.4 MB.

Unloading 11 unused Assets to reduce memory usage. Loaded Objects now: 2083.
Total: 7.861600 ms (FindLiveObjects: 0.166500 ms CreateObjectMapping: 0.075200 ms MarkObjects: 7.588400 ms  DeleteObjects: 0.030300 ms)

AssetImportParameters requested are different than current active one (requested -> active):
  custom:framework-win-MediaFoundation: 216162199b28c13a410421893ffa2e32 -> 
  custom:video-decoder-ogg-theora: a1e56fd34408186e4bbccfd4996cb3dc -> 
  custom:container-muxer-webm: aa71ff27fc2769a1b78a27578f13a17b -> 
  custom:container-demuxer-webm: 4f35f7cbe854078d1ac9338744f61a02 -> 
  custom:container-demuxer-ogg: 62fdf1f143b41e24485cea50d1cbac27 -> 
  custom:video-encoder-webm-vp8: eb34c28f22e8b96e1ab97ce403110664 -> 
  custom:video-codec-MediaFoundation-h265: 746d11721c4dcdbdad8f713fa42b33f4 -> 
  custom:video-decoder-webm-vp8: 9c59270c3fd7afecdb556c50c9e8de78 -> 
  custom:audio-decoder-ogg-vorbis: bf7c407c2cedff20999df2af8eb42d56 -> 
  custom:audio-encoder-webm-vorbis: bf7c407c2cedff20999df2af8eb42d56 -> 
AssetImportWorkerClient::OnTransportError - code=2 error=End of file
